# JRE version: Java(TM) SE Runtime Environment (17.0.16+12) (build 17.0.16+12-LTS-247)
# Java VM: Java HotSpot(TM) 64-Bit Server VM (17.0.16+12-LTS-247, mixed mode, sharing, tiered, compressed oops, compressed class ptrs, g1 gc, bsd-amd64)
GC Precious Log:
 CPUs: 4 total, 4 available
 Memory: 16384M
 Large Page Support: Disabled
 NUMA Support: Disabled
 Compressed Oops: Enabled (Zero based)
 Heap Region Size: 1M
 Heap Min Capacity: 8M
 Heap Initial Capacity: 256M
 Heap Max Capacity: 2G
 Pre-touch: Disabled
 Parallel Workers: 4
 Concurrent Workers: 1
 Concurrent Refinement Workers: 4
 Periodic GC: Disabled
Heap:
 garbage-first heap   total 109568K, used 66267K [0x0000000780000000, 0x0000000800000000)
  region size 1024K, 11 young (11264K), 2 survivors (2048K)
 Metaspace       used 60630K, committed 61312K, reserved 491520K
  class space    used 8511K, committed 8832K, reserved 425984K
GC Heap History (20 events):
Event: 48.047 GC heap before
{Heap before GC invocations=10 (full 0):
 garbage-first heap   total 89088K, used 68432K [0x0000000780000000, 0x0000000800000000)
  region size 1024K, 36 young (36864K), 3 survivors (3072K)
 Metaspace       used 38678K, committed 39168K, reserved 491520K
  class space    used 5386K, committed 5632K, reserved 425984K
}
Event: 48.056 GC heap after
{Heap after GC invocations=11 (full 0):
 garbage-first heap   total 89088K, used 34683K [0x0000000780000000, 0x0000000800000000)
  region size 1024K, 3 young (3072K), 3 survivors (3072K)
 Metaspace       used 38678K, committed 39168K, reserved 491520K
  class space    used 5386K, committed 5632K, reserved 425984K
}
Event: 51.897 GC heap before
{Heap before GC invocations=11 (full 0):
 garbage-first heap   total 89088K, used 67451K [0x0000000780000000, 0x0000000800000000)
  region size 1024K, 35 young (35840K), 3 survivors (3072K)
 Metaspace       used 42003K, committed 42496K, reserved 491520K
  class space    used 5910K, committed 6144K, reserved 425984K
}
Event: 51.913 GC heap after
{Heap after GC invocations=12 (full 0):
 garbage-first heap   total 89088K, used 35936K [0x0000000780000000, 0x0000000800000000)
  region size 1024K, 4 young (4096K), 4 survivors (4096K)
 Metaspace       used 42003K, committed 42496K, reserved 491520K
  class space    used 5910K, committed 6144K, reserved 425984K
}
Event: 56.922 GC heap before
{Heap before GC invocations=12 (full 0):
 garbage-first heap   total 89088K, used 68704K [0x0000000780000000, 0x0000000800000000)
  region size 1024K, 36 young (36864K), 4 survivors (4096K)
 Metaspace       used 49480K, committed 50048K, reserved 491520K
  class space    used 6870K, committed 7104K, reserved 425984K
}
Event: 56.931 GC heap after
{Heap after GC invocations=13 (full 0):
 garbage-first heap   total 89088K, used 39408K [0x0000000780000000, 0x0000000800000000)
  region size 1024K, 5 young (5120K), 5 survivors (5120K)
 Metaspace       used 49480K, committed 50048K, reserved 491520K
  class space    used 6870K, committed 7104K, reserved 425984K
}
Event: 59.391 GC heap before
{Heap before GC invocations=13 (full 0):
 garbage-first heap   total 89088K, used 69104K [0x0000000780000000, 0x0000000800000000)
  region size 1024K, 34 young (34816K), 5 survivors (5120K)
 Metaspace       used 52350K, committed 52928K, reserved 491520K
  class space    used 7309K, committed 7552K, reserved 425984K
}
Event: 59.399 GC heap after
{Heap after GC invocations=14 (full 0):
 garbage-first heap   total 89088K, used 41871K [0x0000000780000000, 0x0000000800000000)
  region size 1024K, 3 young (3072K), 3 survivors (3072K)
 Metaspace       used 52350K, committed 52928K, reserved 491520K
  class space    used 7309K, committed 7552K, reserved 425984K
}
Event: 62.822 GC heap before
{Heap before GC invocations=14 (full 0):
 garbage-first heap   total 89088K, used 68495K [0x0000000780000000, 0x0000000800000000)
  region size 1024K, 30 young (30720K), 3 survivors (3072K)
 Metaspace       used 55869K, committed 56384K, reserved 491520K
  class space    used 7805K, committed 8064K, reserved 425984K
}
Event: 62.828 GC heap after
{Heap after GC invocations=15 (full 0):
 garbage-first heap   total 89088K, used 43386K [0x0000000780000000, 0x0000000800000000)
  region size 1024K, 2 young (2048K), 2 survivors (2048K)
 Metaspace       used 55869K, committed 56384K, reserved 491520K
  class space    used 7805K, committed 8064K, reserved 425984K
}
Event: 66.215 GC heap before
{Heap before GC invocations=16 (full 0):
 garbage-first heap   total 89088K, used 71034K [0x0000000780000000, 0x0000000800000000)
  region size 1024K, 29 young (29696K), 2 survivors (2048K)
 Metaspace       used 58311K, committed 58880K, reserved 491520K
  class space    used 8222K, committed 8448K, reserved 425984K
}
Event: 66.221 GC heap after
{Heap after GC invocations=17 (full 0):
 garbage-first heap   total 89088K, used 45210K [0x0000000780000000, 0x0000000800000000)
  region size 1024K, 4 young (4096K), 4 survivors (4096K)
 Metaspace       used 58311K, committed 58880K, reserved 491520K
  class space    used 8222K, committed 8448K, reserved 425984K
}
Event: 68.290 GC heap before
{Heap before GC invocations=17 (full 0):
 garbage-first heap   total 89088K, used 70810K [0x0000000780000000, 0x0000000800000000)
  region size 1024K, 29 young (29696K), 4 survivors (4096K)
 Metaspace       used 59363K, committed 59968K, reserved 491520K
  class space    used 8349K, committed 8640K, reserved 425984K
}
Event: 68.306 GC heap after
{Heap after GC invocations=18 (full 0):
 garbage-first heap   total 89088K, used 49120K [0x0000000780000000, 0x0000000800000000)
  region size 1024K, 4 young (4096K), 4 survivors (4096K)
 Metaspace       used 59363K, committed 59968K, reserved 491520K
  class space    used 8349K, committed 8640K, reserved 425984K
}
Event: 69.905 GC heap before
{Heap before GC invocations=19 (full 0):
 garbage-first heap   total 109568K, used 66528K [0x0000000780000000, 0x0000000800000000)
  region size 1024K, 22 young (22528K), 4 survivors (4096K)
 Metaspace       used 60068K, committed 60672K, reserved 491520K
  class space    used 8429K, committed 8704K, reserved 425984K
}
Event: 69.914 GC heap after
{Heap after GC invocations=20 (full 0):
 garbage-first heap   total 109568K, used 51651K [0x0000000780000000, 0x0000000800000000)
  region size 1024K, 3 young (3072K), 3 survivors (3072K)
 Metaspace       used 60068K, committed 60672K, reserved 491520K
  class space    used 8429K, committed 8704K, reserved 425984K
}
Event: 69.988 GC heap before
{Heap before GC invocations=20 (full 0):
 garbage-first heap   total 109568K, used 53699K [0x0000000780000000, 0x0000000800000000)
  region size 1024K, 5 young (5120K), 3 survivors (3072K)
 Metaspace       used 60076K, committed 60672K, reserved 491520K
  class space    used 8429K, committed 8704K, reserved 425984K
}
Event: 69.993 GC heap after
{Heap after GC invocations=21 (full 0):
 garbage-first heap   total 109568K, used 51483K [0x0000000780000000, 0x0000000800000000)
  region size 1024K, 1 young (1024K), 1 survivors (1024K)
 Metaspace       used 60076K, committed 60672K, reserved 491520K
  class space    used 8429K, committed 8704K, reserved 425984K
}
Event: 70.032 GC heap before
{Heap before GC invocations=21 (full 0):
 garbage-first heap   total 109568K, used 52507K [0x0000000780000000, 0x0000000800000000)
  region size 1024K, 3 young (3072K), 1 survivors (1024K)
 Metaspace       used 60087K, committed 60672K, reserved 491520K
  class space    used 8429K, committed 8704K, reserved 425984K
}
Event: 70.035 GC heap after
{Heap after GC invocations=22 (full 0):
 garbage-first heap   total 109568K, used 51931K [0x0000000780000000, 0x0000000800000000)
  region size 1024K, 2 young (2048K), 2 survivors (2048K)
 Metaspace       used 60087K, committed 60672K, reserved 491520K
  class space    used 8429K, committed 8704K, reserved 425984K
}

